<?xml version="1.0" encoding="UTF-8"?>
<testsuite xmlns:xsi="http://www.w3.org/2001/XMLSchema-instance" xsi:noNamespaceSchemaLocation="https://maven.apache.org/surefire/maven-surefire-plugin/xsd/surefire-test-report-3.0.xsd" version="3.0" name="com.example.json_consumer.JsonConsumerApplicationTests" time="4.902" tests="1" errors="0" skipped="0" failures="0">
  <properties>
[...]
</properties>
  <testcase name="contextLoads" classname="com.example.json_consumer.JsonConsumerApplicationTests" time="1.385">
    <system-out><![CDATA[14:45:33.568 [main] INFO org.springframework.test.context.support.AnnotationConfigContextLoaderUtils -- Could not detect default configuration classes for test class [com.example.json_consumer.JsonConsumerApplicationTests]: JsonConsumerApplicationTests does not declare any static, non-private, non-final, nested classes annotated with @Configuration.
14:45:33.698 [main] INFO org.springframework.boot.test.context.SpringBootTestContextBootstrapper -- Found @SpringBootConfiguration com.example.json_consumer.JsonConsumerApplication for test class com.example.json_consumer.JsonConsumerApplicationTests

  .   ____          _            __ _ _
 /\\ / ___'_ __ _ _(_)_ __  __ _ \ \ \ \
( ( )\___ | '_ | '_| | '_ \/ _` | \ \ \ \
 \\/  ___)| |_)| | | | | || (_| |  ) ) ) )
  '  |____| .__|_| |_|_| |_\__, | / / / /
 =========|_|==============|___/=/_/_/_/

 :: Spring Boot ::                (v3.3.3)

2024-09-05T14:45:34.286-03:00  INFO 10652 --- [           main] c.e.j.JsonConsumerApplicationTests       : Starting JsonConsumerApplicationTests using Java 17.0.12 with PID 10652 (started by Higor in C:\Users\Higor\Documents\Kafka\json-consumer)
2024-09-05T14:45:34.288-03:00  INFO 10652 --- [           main] c.e.j.JsonConsumerApplicationTests       : No active profile set, falling back to 1 default profile: "default"
2024-09-05T14:45:36.599-03:00  INFO 10652 --- [           main] o.a.k.clients.consumer.ConsumerConfig    : ConsumerConfig values: 
	allow.auto.create.topics = true
	auto.commit.interval.ms = 5000
	auto.include.jmx.reporter = true
	auto.offset.reset = latest
	bootstrap.servers = [localhost:29092]
	check.crcs = true
	client.dns.lookup = use_all_dns_ips
	client.id = consumer-email-group-1
	client.rack = 
	connections.max.idle.ms = 540000
	default.api.timeout.ms = 60000
	enable.auto.commit = false
	enable.metrics.push = true
	exclude.internal.topics = true
	fetch.max.bytes = 52428800
	fetch.max.wait.ms = 500
	fetch.min.bytes = 1
	group.id = email-group
	group.instance.id = null
	group.protocol = classic
	group.remote.assignor = null
	heartbeat.interval.ms = 3000
	interceptor.classes = []
	internal.leave.group.on.close = true
	internal.throw.on.fetch.stable.offset.unsupported = false
	isolation.level = read_uncommitted
	key.deserializer = class org.apache.kafka.common.serialization.StringDeserializer
	max.partition.fetch.bytes = 1048576
	max.poll.interval.ms = 300000
	max.poll.records = 500
	metadata.max.age.ms = 300000
	metric.reporters = []
	metrics.num.samples = 2
	metrics.recording.level = INFO
	metrics.sample.window.ms = 30000
	partition.assignment.strategy = [class org.apache.kafka.clients.consumer.RangeAssignor, class org.apache.kafka.clients.consumer.CooperativeStickyAssignor]
	receive.buffer.bytes = 65536
	reconnect.backoff.max.ms = 1000
	reconnect.backoff.ms = 50
	request.timeout.ms = 30000
	retry.backoff.max.ms = 1000
	retry.backoff.ms = 100
	sasl.client.callback.handler.class = null
	sasl.jaas.config = null
	sasl.kerberos.kinit.cmd = /usr/bin/kinit
	sasl.kerberos.min.time.before.relogin = 60000
	sasl.kerberos.service.name = null
	sasl.kerberos.ticket.renew.jitter = 0.05
	sasl.kerberos.ticket.renew.window.factor = 0.8
	sasl.login.callback.handler.class = null
	sasl.login.class = null
	sasl.login.connect.timeout.ms = null
	sasl.login.read.timeout.ms = null
	sasl.login.refresh.buffer.seconds = 300
	sasl.login.refresh.min.period.seconds = 60
	sasl.login.refresh.window.factor = 0.8
	sasl.login.refresh.window.jitter = 0.05
	sasl.login.retry.backoff.max.ms = 10000
	sasl.login.retry.backoff.ms = 100
	sasl.mechanism = GSSAPI
	sasl.oauthbearer.clock.skew.seconds = 30
	sasl.oauthbearer.expected.audience = null
	sasl.oauthbearer.expected.issuer = null
	sasl.oauthbearer.jwks.endpoint.refresh.ms = 3600000
	sasl.oauthbearer.jwks.endpoint.retry.backoff.max.ms = 10000
	sasl.oauthbearer.jwks.endpoint.retry.backoff.ms = 100
	sasl.oauthbearer.jwks.endpoint.url = null
	sasl.oauthbearer.scope.claim.name = scope
	sasl.oauthbearer.sub.claim.name = sub
	sasl.oauthbearer.token.endpoint.url = null
	security.protocol = PLAINTEXT
	security.providers = null
	send.buffer.bytes = 131072
	session.timeout.ms = 45000
	socket.connection.setup.timeout.max.ms = 30000
	socket.connection.setup.timeout.ms = 10000
	ssl.cipher.suites = null
	ssl.enabled.protocols = [TLSv1.2, TLSv1.3]
	ssl.endpoint.identification.algorithm = https
	ssl.engine.factory.class = null
	ssl.key.password = null
	ssl.keymanager.algorithm = SunX509
	ssl.keystore.certificate.chain = null
	ssl.keystore.key = null
	ssl.keystore.location = null
	ssl.keystore.password = null
	ssl.keystore.type = JKS
	ssl.protocol = TLSv1.3
	ssl.provider = null
	ssl.secure.random.implementation = null
	ssl.trustmanager.algorithm = PKIX
	ssl.truststore.certificates = null
	ssl.truststore.location = null
	ssl.truststore.password = null
	ssl.truststore.type = JKS
	value.deserializer = class org.apache.kafka.common.serialization.StringDeserializer

2024-09-05T14:45:36.676-03:00  INFO 10652 --- [           main] o.a.k.c.t.i.KafkaMetricsCollector        : initializing Kafka metrics collector
2024-09-05T14:45:36.865-03:00  INFO 10652 --- [           main] o.a.kafka.common.utils.AppInfoParser     : Kafka version: 3.7.1
2024-09-05T14:45:36.866-03:00  INFO 10652 --- [           main] o.a.kafka.common.utils.AppInfoParser     : Kafka commitId: e2494e6ffb89f828
2024-09-05T14:45:36.867-03:00  INFO 10652 --- [           main] o.a.kafka.common.utils.AppInfoParser     : Kafka startTimeMs: 1725558336862
2024-09-05T14:45:36.872-03:00  INFO 10652 --- [           main] o.a.k.c.c.internals.LegacyKafkaConsumer  : [Consumer clientId=consumer-email-group-1, groupId=email-group] Subscribed to topic(s): payment-topic
2024-09-05T14:45:36.885-03:00  INFO 10652 --- [           main] o.a.k.clients.consumer.ConsumerConfig    : ConsumerConfig values: 
	allow.auto.create.topics = true
	auto.commit.interval.ms = 5000
	auto.include.jmx.reporter = true
	auto.offset.reset = latest
	bootstrap.servers = [localhost:29092]
	check.crcs = true
	client.dns.lookup = use_all_dns_ips
	client.id = consumer-create-group-2
	client.rack = 
	connections.max.idle.ms = 540000
	default.api.timeout.ms = 60000
	enable.auto.commit = false
	enable.metrics.push = true
	exclude.internal.topics = true
	fetch.max.bytes = 52428800
	fetch.max.wait.ms = 500
	fetch.min.bytes = 1
	group.id = create-group
	group.instance.id = null
	group.protocol = classic
	group.remote.assignor = null
	heartbeat.interval.ms = 3000
	interceptor.classes = []
	internal.leave.group.on.close = true
	internal.throw.on.fetch.stable.offset.unsupported = false
	isolation.level = read_uncommitted
	key.deserializer = class org.apache.kafka.common.serialization.StringDeserializer
	max.partition.fetch.bytes = 1048576
	max.poll.interval.ms = 300000
	max.poll.records = 500
	metadata.max.age.ms = 300000
	metric.reporters = []
	metrics.num.samples = 2
	metrics.recording.level = INFO
	metrics.sample.window.ms = 30000
	partition.assignment.strategy = [class org.apache.kafka.clients.consumer.RangeAssignor, class org.apache.kafka.clients.consumer.CooperativeStickyAssignor]
	receive.buffer.bytes = 65536
	reconnect.backoff.max.ms = 1000
	reconnect.backoff.ms = 50
	request.timeout.ms = 30000
	retry.backoff.max.ms = 1000
	retry.backoff.ms = 100
	sasl.client.callback.handler.class = null
	sasl.jaas.config = null
	sasl.kerberos.kinit.cmd = /usr/bin/kinit
	sasl.kerberos.min.time.before.relogin = 60000
	sasl.kerberos.service.name = null
	sasl.kerberos.ticket.renew.jitter = 0.05
	sasl.kerberos.ticket.renew.window.factor = 0.8
	sasl.login.callback.handler.class = null
	sasl.login.class = null
	sasl.login.connect.timeout.ms = null
	sasl.login.read.timeout.ms = null
	sasl.login.refresh.buffer.seconds = 300
	sasl.login.refresh.min.period.seconds = 60
	sasl.login.refresh.window.factor = 0.8
	sasl.login.refresh.window.jitter = 0.05
	sasl.login.retry.backoff.max.ms = 10000
	sasl.login.retry.backoff.ms = 100
	sasl.mechanism = GSSAPI
	sasl.oauthbearer.clock.skew.seconds = 30
	sasl.oauthbearer.expected.audience = null
	sasl.oauthbearer.expected.issuer = null
	sasl.oauthbearer.jwks.endpoint.refresh.ms = 3600000
	sasl.oauthbearer.jwks.endpoint.retry.backoff.max.ms = 10000
	sasl.oauthbearer.jwks.endpoint.retry.backoff.ms = 100
	sasl.oauthbearer.jwks.endpoint.url = null
	sasl.oauthbearer.scope.claim.name = scope
	sasl.oauthbearer.sub.claim.name = sub
	sasl.oauthbearer.token.endpoint.url = null
	security.protocol = PLAINTEXT
	security.providers = null
	send.buffer.bytes = 131072
	session.timeout.ms = 45000
	socket.connection.setup.timeout.max.ms = 30000
	socket.connection.setup.timeout.ms = 10000
	ssl.cipher.suites = null
	ssl.enabled.protocols = [TLSv1.2, TLSv1.3]
	ssl.endpoint.identification.algorithm = https
	ssl.engine.factory.class = null
	ssl.key.password = null
	ssl.keymanager.algorithm = SunX509
	ssl.keystore.certificate.chain = null
	ssl.keystore.key = null
	ssl.keystore.location = null
	ssl.keystore.password = null
	ssl.keystore.type = JKS
	ssl.protocol = TLSv1.3
	ssl.provider = null
	ssl.secure.random.implementation = null
	ssl.trustmanager.algorithm = PKIX
	ssl.truststore.certificates = null
	ssl.truststore.location = null
	ssl.truststore.password = null
	ssl.truststore.type = JKS
	value.deserializer = class org.apache.kafka.common.serialization.StringDeserializer

2024-09-05T14:45:36.886-03:00  INFO 10652 --- [           main] o.a.k.c.t.i.KafkaMetricsCollector        : initializing Kafka metrics collector
2024-09-05T14:45:36.906-03:00  INFO 10652 --- [           main] o.a.kafka.common.utils.AppInfoParser     : Kafka version: 3.7.1
2024-09-05T14:45:36.906-03:00  INFO 10652 --- [           main] o.a.kafka.common.utils.AppInfoParser     : Kafka commitId: e2494e6ffb89f828
2024-09-05T14:45:36.906-03:00  INFO 10652 --- [           main] o.a.kafka.common.utils.AppInfoParser     : Kafka startTimeMs: 1725558336906
2024-09-05T14:45:36.906-03:00  INFO 10652 --- [           main] o.a.k.c.c.internals.LegacyKafkaConsumer  : [Consumer clientId=consumer-create-group-2, groupId=create-group] Subscribed to topic(s): payment-topic
2024-09-05T14:45:36.909-03:00  INFO 10652 --- [           main] o.a.k.clients.consumer.ConsumerConfig    : ConsumerConfig values: 
	allow.auto.create.topics = true
	auto.commit.interval.ms = 5000
	auto.include.jmx.reporter = true
	auto.offset.reset = latest
	bootstrap.servers = [localhost:29092]
	check.crcs = true
	client.dns.lookup = use_all_dns_ips
	client.id = consumer-pdf-group-3
	client.rack = 
	connections.max.idle.ms = 540000
	default.api.timeout.ms = 60000
	enable.auto.commit = false
	enable.metrics.push = true
	exclude.internal.topics = true
	fetch.max.bytes = 52428800
	fetch.max.wait.ms = 500
	fetch.min.bytes = 1
	group.id = pdf-group
	group.instance.id = null
	group.protocol = classic
	group.remote.assignor = null
	heartbeat.interval.ms = 3000
	interceptor.classes = []
	internal.leave.group.on.close = true
	internal.throw.on.fetch.stable.offset.unsupported = false
	isolation.level = read_uncommitted
	key.deserializer = class org.apache.kafka.common.serialization.StringDeserializer
	max.partition.fetch.bytes = 1048576
	max.poll.interval.ms = 300000
	max.poll.records = 500
	metadata.max.age.ms = 300000
	metric.reporters = []
	metrics.num.samples = 2
	metrics.recording.level = INFO
	metrics.sample.window.ms = 30000
	partition.assignment.strategy = [class org.apache.kafka.clients.consumer.RangeAssignor, class org.apache.kafka.clients.consumer.CooperativeStickyAssignor]
	receive.buffer.bytes = 65536
	reconnect.backoff.max.ms = 1000
	reconnect.backoff.ms = 50
	request.timeout.ms = 30000
	retry.backoff.max.ms = 1000
	retry.backoff.ms = 100
	sasl.client.callback.handler.class = null
	sasl.jaas.config = null
	sasl.kerberos.kinit.cmd = /usr/bin/kinit
	sasl.kerberos.min.time.before.relogin = 60000
	sasl.kerberos.service.name = null
	sasl.kerberos.ticket.renew.jitter = 0.05
	sasl.kerberos.ticket.renew.window.factor = 0.8
	sasl.login.callback.handler.class = null
	sasl.login.class = null
	sasl.login.connect.timeout.ms = null
	sasl.login.read.timeout.ms = null
	sasl.login.refresh.buffer.seconds = 300
	sasl.login.refresh.min.period.seconds = 60
	sasl.login.refresh.window.factor = 0.8
	sasl.login.refresh.window.jitter = 0.05
	sasl.login.retry.backoff.max.ms = 10000
	sasl.login.retry.backoff.ms = 100
	sasl.mechanism = GSSAPI
	sasl.oauthbearer.clock.skew.seconds = 30
	sasl.oauthbearer.expected.audience = null
	sasl.oauthbearer.expected.issuer = null
	sasl.oauthbearer.jwks.endpoint.refresh.ms = 3600000
	sasl.oauthbearer.jwks.endpoint.retry.backoff.max.ms = 10000
	sasl.oauthbearer.jwks.endpoint.retry.backoff.ms = 100
	sasl.oauthbearer.jwks.endpoint.url = null
	sasl.oauthbearer.scope.claim.name = scope
	sasl.oauthbearer.sub.claim.name = sub
	sasl.oauthbearer.token.endpoint.url = null
	security.protocol = PLAINTEXT
	security.providers = null
	send.buffer.bytes = 131072
	session.timeout.ms = 45000
	socket.connection.setup.timeout.max.ms = 30000
	socket.connection.setup.timeout.ms = 10000
	ssl.cipher.suites = null
	ssl.enabled.protocols = [TLSv1.2, TLSv1.3]
	ssl.endpoint.identification.algorithm = https
	ssl.engine.factory.class = null
	ssl.key.password = null
	ssl.keymanager.algorithm = SunX509
	ssl.keystore.certificate.chain = null
	ssl.keystore.key = null
	ssl.keystore.location = null
	ssl.keystore.password = null
	ssl.keystore.type = JKS
	ssl.protocol = TLSv1.3
	ssl.provider = null
	ssl.secure.random.implementation = null
	ssl.trustmanager.algorithm = PKIX
	ssl.truststore.certificates = null
	ssl.truststore.location = null
	ssl.truststore.password = null
	ssl.truststore.type = JKS
	value.deserializer = class org.apache.kafka.common.serialization.StringDeserializer

2024-09-05T14:45:36.910-03:00  INFO 10652 --- [           main] o.a.k.c.t.i.KafkaMetricsCollector        : initializing Kafka metrics collector
2024-09-05T14:45:36.919-03:00  INFO 10652 --- [           main] o.a.kafka.common.utils.AppInfoParser     : Kafka version: 3.7.1
2024-09-05T14:45:36.919-03:00  INFO 10652 --- [           main] o.a.kafka.common.utils.AppInfoParser     : Kafka commitId: e2494e6ffb89f828
2024-09-05T14:45:36.919-03:00  INFO 10652 --- [           main] o.a.kafka.common.utils.AppInfoParser     : Kafka startTimeMs: 1725558336919
2024-09-05T14:45:36.920-03:00  INFO 10652 --- [           main] o.a.k.c.c.internals.LegacyKafkaConsumer  : [Consumer clientId=consumer-pdf-group-3, groupId=pdf-group] Subscribed to topic(s): payment-topic
2024-09-05T14:45:36.935-03:00  INFO 10652 --- [           main] c.e.j.JsonConsumerApplicationTests       : Started JsonConsumerApplicationTests in 3.021 seconds (process running for 4.327)
2024-09-05T14:45:37.360-03:00  INFO 10652 --- [ntainer#2-0-C-1] org.apache.kafka.clients.NetworkClient   : [Consumer clientId=consumer-email-group-1, groupId=email-group] Node -1 disconnected.
2024-09-05T14:45:37.360-03:00  INFO 10652 --- [ntainer#1-0-C-1] org.apache.kafka.clients.NetworkClient   : [Consumer clientId=consumer-pdf-group-3, groupId=pdf-group] Node -1 disconnected.
2024-09-05T14:45:37.360-03:00  INFO 10652 --- [ntainer#0-0-C-1] org.apache.kafka.clients.NetworkClient   : [Consumer clientId=consumer-create-group-2, groupId=create-group] Node -1 disconnected.
2024-09-05T14:45:37.363-03:00  WARN 10652 --- [ntainer#1-0-C-1] org.apache.kafka.clients.NetworkClient   : [Consumer clientId=consumer-pdf-group-3, groupId=pdf-group] Connection to node -1 (localhost/127.0.0.1:29092) could not be established. Node may not be available.
2024-09-05T14:45:37.363-03:00  WARN 10652 --- [ntainer#2-0-C-1] org.apache.kafka.clients.NetworkClient   : [Consumer clientId=consumer-email-group-1, groupId=email-group] Connection to node -1 (localhost/127.0.0.1:29092) could not be established. Node may not be available.
2024-09-05T14:45:37.363-03:00  WARN 10652 --- [ntainer#2-0-C-1] org.apache.kafka.clients.NetworkClient   : [Consumer clientId=consumer-email-group-1, groupId=email-group] Bootstrap broker localhost:29092 (id: -1 rack: null) disconnected
2024-09-05T14:45:37.363-03:00  WARN 10652 --- [ntainer#0-0-C-1] org.apache.kafka.clients.NetworkClient   : [Consumer clientId=consumer-create-group-2, groupId=create-group] Connection to node -1 (localhost/127.0.0.1:29092) could not be established. Node may not be available.
2024-09-05T14:45:37.363-03:00  WARN 10652 --- [ntainer#1-0-C-1] org.apache.kafka.clients.NetworkClient   : [Consumer clientId=consumer-pdf-group-3, groupId=pdf-group] Bootstrap broker localhost:29092 (id: -1 rack: null) disconnected
2024-09-05T14:45:37.364-03:00  WARN 10652 --- [ntainer#0-0-C-1] org.apache.kafka.clients.NetworkClient   : [Consumer clientId=consumer-create-group-2, groupId=create-group] Bootstrap broker localhost:29092 (id: -1 rack: null) disconnected
2024-09-05T14:45:37.462-03:00  INFO 10652 --- [ntainer#1-0-C-1] org.apache.kafka.clients.NetworkClient   : [Consumer clientId=consumer-pdf-group-3, groupId=pdf-group] Node -1 disconnected.
2024-09-05T14:45:37.463-03:00  WARN 10652 --- [ntainer#1-0-C-1] org.apache.kafka.clients.NetworkClient   : [Consumer clientId=consumer-pdf-group-3, groupId=pdf-group] Connection to node -1 (localhost/127.0.0.1:29092) could not be established. Node may not be available.
2024-09-05T14:45:37.466-03:00  WARN 10652 --- [ntainer#1-0-C-1] org.apache.kafka.clients.NetworkClient   : [Consumer clientId=consumer-pdf-group-3, groupId=pdf-group] Bootstrap broker localhost:29092 (id: -1 rack: null) disconnected
2024-09-05T14:45:37.467-03:00  INFO 10652 --- [ntainer#2-0-C-1] org.apache.kafka.clients.NetworkClient   : [Consumer clientId=consumer-email-group-1, groupId=email-group] Node -1 disconnected.
2024-09-05T14:45:37.467-03:00  WARN 10652 --- [ntainer#2-0-C-1] org.apache.kafka.clients.NetworkClient   : [Consumer clientId=consumer-email-group-1, groupId=email-group] Connection to node -1 (localhost/127.0.0.1:29092) could not be established. Node may not be available.
2024-09-05T14:45:37.467-03:00  WARN 10652 --- [ntainer#2-0-C-1] org.apache.kafka.clients.NetworkClient   : [Consumer clientId=consumer-email-group-1, groupId=email-group] Bootstrap broker localhost:29092 (id: -1 rack: null) disconnected
2024-09-05T14:45:37.478-03:00  INFO 10652 --- [ntainer#0-0-C-1] org.apache.kafka.clients.NetworkClient   : [Consumer clientId=consumer-create-group-2, groupId=create-group] Node -1 disconnected.
2024-09-05T14:45:37.478-03:00  WARN 10652 --- [ntainer#0-0-C-1] org.apache.kafka.clients.NetworkClient   : [Consumer clientId=consumer-create-group-2, groupId=create-group] Connection to node -1 (localhost/127.0.0.1:29092) could not be established. Node may not be available.
2024-09-05T14:45:37.479-03:00  WARN 10652 --- [ntainer#0-0-C-1] org.apache.kafka.clients.NetworkClient   : [Consumer clientId=consumer-create-group-2, groupId=create-group] Bootstrap broker localhost:29092 (id: -1 rack: null) disconnected
2024-09-05T14:45:37.572-03:00  INFO 10652 --- [ntainer#1-0-C-1] org.apache.kafka.clients.NetworkClient   : [Consumer clientId=consumer-pdf-group-3, groupId=pdf-group] Node -1 disconnected.
2024-09-05T14:45:37.572-03:00  WARN 10652 --- [ntainer#1-0-C-1] org.apache.kafka.clients.NetworkClient   : [Consumer clientId=consumer-pdf-group-3, groupId=pdf-group] Connection to node -1 (localhost/127.0.0.1:29092) could not be established. Node may not be available.
2024-09-05T14:45:37.572-03:00  WARN 10652 --- [ntainer#1-0-C-1] org.apache.kafka.clients.NetworkClient   : [Consumer clientId=consumer-pdf-group-3, groupId=pdf-group] Bootstrap broker localhost:29092 (id: -1 rack: null) disconnected
2024-09-05T14:45:37.603-03:00  INFO 10652 --- [ntainer#0-0-C-1] org.apache.kafka.clients.NetworkClient   : [Consumer clientId=consumer-create-group-2, groupId=create-group] Node -1 disconnected.
2024-09-05T14:45:37.604-03:00  INFO 10652 --- [ntainer#2-0-C-1] org.apache.kafka.clients.NetworkClient   : [Consumer clientId=consumer-email-group-1, groupId=email-group] Node -1 disconnected.
2024-09-05T14:45:37.604-03:00  WARN 10652 --- [ntainer#0-0-C-1] org.apache.kafka.clients.NetworkClient   : [Consumer clientId=consumer-create-group-2, groupId=create-group] Connection to node -1 (localhost/127.0.0.1:29092) could not be established. Node may not be available.
2024-09-05T14:45:37.604-03:00  WARN 10652 --- [ntainer#0-0-C-1] org.apache.kafka.clients.NetworkClient   : [Consumer clientId=consumer-create-group-2, groupId=create-group] Bootstrap broker localhost:29092 (id: -1 rack: null) disconnected
2024-09-05T14:45:37.604-03:00  WARN 10652 --- [ntainer#2-0-C-1] org.apache.kafka.clients.NetworkClient   : [Consumer clientId=consumer-email-group-1, groupId=email-group] Connection to node -1 (localhost/127.0.0.1:29092) could not be established. Node may not be available.
2024-09-05T14:45:37.605-03:00  WARN 10652 --- [ntainer#2-0-C-1] org.apache.kafka.clients.NetworkClient   : [Consumer clientId=consumer-email-group-1, groupId=email-group] Bootstrap broker localhost:29092 (id: -1 rack: null) disconnected
2024-09-05T14:45:37.794-03:00  INFO 10652 --- [ntainer#0-0-C-1] org.apache.kafka.clients.NetworkClient   : [Consumer clientId=consumer-create-group-2, groupId=create-group] Node -1 disconnected.
2024-09-05T14:45:37.794-03:00  WARN 10652 --- [ntainer#0-0-C-1] org.apache.kafka.clients.NetworkClient   : [Consumer clientId=consumer-create-group-2, groupId=create-group] Connection to node -1 (localhost/127.0.0.1:29092) could not be established. Node may not be available.
2024-09-05T14:45:37.795-03:00  WARN 10652 --- [ntainer#0-0-C-1] org.apache.kafka.clients.NetworkClient   : [Consumer clientId=consumer-create-group-2, groupId=create-group] Bootstrap broker localhost:29092 (id: -1 rack: null) disconnected
2024-09-05T14:45:37.809-03:00  INFO 10652 --- [ntainer#2-0-C-1] org.apache.kafka.clients.NetworkClient   : [Consumer clientId=consumer-email-group-1, groupId=email-group] Node -1 disconnected.
2024-09-05T14:45:37.810-03:00  WARN 10652 --- [ntainer#2-0-C-1] org.apache.kafka.clients.NetworkClient   : [Consumer clientId=consumer-email-group-1, groupId=email-group] Connection to node -1 (localhost/127.0.0.1:29092) could not be established. Node may not be available.
2024-09-05T14:45:37.810-03:00  WARN 10652 --- [ntainer#2-0-C-1] org.apache.kafka.clients.NetworkClient   : [Consumer clientId=consumer-email-group-1, groupId=email-group] Bootstrap broker localhost:29092 (id: -1 rack: null) disconnected
2024-09-05T14:45:37.823-03:00  INFO 10652 --- [ntainer#1-0-C-1] org.apache.kafka.clients.NetworkClient   : [Consumer clientId=consumer-pdf-group-3, groupId=pdf-group] Node -1 disconnected.
2024-09-05T14:45:37.823-03:00  WARN 10652 --- [ntainer#1-0-C-1] org.apache.kafka.clients.NetworkClient   : [Consumer clientId=consumer-pdf-group-3, groupId=pdf-group] Connection to node -1 (localhost/127.0.0.1:29092) could not be established. Node may not be available.
2024-09-05T14:45:37.824-03:00  WARN 10652 --- [ntainer#1-0-C-1] org.apache.kafka.clients.NetworkClient   : [Consumer clientId=consumer-pdf-group-3, groupId=pdf-group] Bootstrap broker localhost:29092 (id: -1 rack: null) disconnected
2024-09-05T14:45:38.234-03:00  INFO 10652 --- [ntainer#0-0-C-1] org.apache.kafka.clients.NetworkClient   : [Consumer clientId=consumer-create-group-2, groupId=create-group] Node -1 disconnected.
2024-09-05T14:45:38.234-03:00  WARN 10652 --- [ntainer#0-0-C-1] org.apache.kafka.clients.NetworkClient   : [Consumer clientId=consumer-create-group-2, groupId=create-group] Connection to node -1 (localhost/127.0.0.1:29092) could not be established. Node may not be available.
2024-09-05T14:45:38.235-03:00  WARN 10652 --- [ntainer#0-0-C-1] org.apache.kafka.clients.NetworkClient   : [Consumer clientId=consumer-create-group-2, groupId=create-group] Bootstrap broker localhost:29092 (id: -1 rack: null) disconnected
2024-09-05T14:45:38.267-03:00  INFO 10652 --- [ntainer#1-0-C-1] org.apache.kafka.clients.NetworkClient   : [Consumer clientId=consumer-pdf-group-3, groupId=pdf-group] Node -1 disconnected.
2024-09-05T14:45:38.267-03:00  WARN 10652 --- [ntainer#1-0-C-1] org.apache.kafka.clients.NetworkClient   : [Consumer clientId=consumer-pdf-group-3, groupId=pdf-group] Connection to node -1 (localhost/127.0.0.1:29092) could not be established. Node may not be available.
2024-09-05T14:45:38.268-03:00  WARN 10652 --- [ntainer#1-0-C-1] org.apache.kafka.clients.NetworkClient   : [Consumer clientId=consumer-pdf-group-3, groupId=pdf-group] Bootstrap broker localhost:29092 (id: -1 rack: null) disconnected
2024-09-05T14:45:38.265-03:00  INFO 10652 --- [ntainer#2-0-C-1] org.apache.kafka.clients.NetworkClient   : [Consumer clientId=consumer-email-group-1, groupId=email-group] Node -1 disconnected.
2024-09-05T14:45:38.270-03:00  WARN 10652 --- [ntainer#2-0-C-1] org.apache.kafka.clients.NetworkClient   : [Consumer clientId=consumer-email-group-1, groupId=email-group] Connection to node -1 (localhost/127.0.0.1:29092) could not be established. Node may not be available.
2024-09-05T14:45:38.270-03:00  WARN 10652 --- [ntainer#2-0-C-1] org.apache.kafka.clients.NetworkClient   : [Consumer clientId=consumer-email-group-1, groupId=email-group] Bootstrap broker localhost:29092 (id: -1 rack: null) disconnected
]]></system-out>
    <system-err><![CDATA[set. 05, 2024 2:45:32 PM org.junit.platform.launcher.core.LauncherConfigurationParameters loadClasspathResource
WARNING: Discovered 2 'junit-platform.properties' configuration files in the classpath; only the first will be used.
set. 05, 2024 2:45:32 PM org.junit.platform.launcher.core.LauncherConfigurationParameters loadClasspathResource
WARNING: Discovered 2 'junit-platform.properties' configuration files in the classpath; only the first will be used.
set. 05, 2024 2:45:33 PM org.junit.platform.launcher.core.LauncherConfigurationParameters loadClasspathResource
WARNING: Discovered 2 'junit-platform.properties' configuration files in the classpath; only the first will be used.
]]></system-err>
  </testcase>
</testsuite>